checking for a BSD-compatible install... /usr/bin/install -c
checking whether build environment is sane... yes
checking for gawk... gawk
checking whether make sets $(MAKE)... yes
checking for armv5tl-montavista-linuxeabi-strip... true
checking whether to enable maintainer-specific portions of Makefiles... no
checking for armv5tl-montavista-linuxeabi-gcc... arm_v5t_le-gcc 
checking for C compiler default output file name... a.out
checking whether the C compiler works... yes
checking whether we are cross compiling... yes
checking for suffix of executables... 
checking for suffix of object files... o
checking whether we are using the GNU C compiler... yes
checking whether arm_v5t_le-gcc  accepts -g... yes
checking for arm_v5t_le-gcc  option to accept ANSI C... none needed
checking for style of include used by make... GNU
checking dependency style of arm_v5t_le-gcc ... gcc3
checking how to run the C preprocessor... arm_v5t_le-cpp 
checking for egrep... grep -E
checking for ANSI C header files... yes
checking for sys/types.h... yes
checking for sys/stat.h... yes
checking for stdlib.h... yes
checking for string.h... yes
checking for memory.h... yes
checking for strings.h... yes
checking for inttypes.h... yes
checking for stdint.h... yes
checking for unistd.h... yes
checking minix/config.h usability... no
checking minix/config.h presence... no
checking for minix/config.h... no
checking for flex... flex
checking for yywrap in -lfl... yes
checking lex output file root... lex.yy
checking whether yytext is a pointer... yes
checking for bison... bison -y
checking for a BSD-compatible install... /usr/bin/install -c
checking for armv5tl-montavista-linuxeabi-ranlib... arm_v5t_le-ranlib
checking whether make sets $(MAKE)... (cached) yes
checking stdarg.h usability... yes
checking stdarg.h presence... yes
checking for stdarg.h... yes
checking for stddef.h... (cached) no
checking for stdlib.h... (cached) yes
checking for string.h... (cached) yes
checking limits.h usability... yes
checking limits.h presence... yes
checking for limits.h... yes
checking for unistd.h... (cached) yes
checking lib.h usability... no
checking lib.h presence... no
checking for lib.h... no
checking for an ANSI C-conforming const... yes
checking for size_t... yes
checking for ptrdiff_t... yes
checking for vprintf... yes
checking for _doprnt... no
checking for isgraph... yes
checking for setvbuf... yes
checking for tparm in -lncurses... yes
checking for readline in -lreadline... yes
checking readline/readline.h usability... yes
checking readline/readline.h presence... yes
checking for readline/readline.h... yes
Using the readline library.
configure: creating ./config.status
config.status: creating Makefile
config.status: creating bc/Makefile
config.status: creating dc/Makefile
config.status: creating doc/Makefile
config.status: creating lib/Makefile
config.status: creating config.h
config.status: executing depfiles commands
make  all-recursive
make[1]: Entering directory `/var/tmp/BUILD/bc-1.06/objdir'
Making all in lib
make[2]: Entering directory `/var/tmp/BUILD/bc-1.06/objdir/lib'
if arm_v5t_le-gcc  -DHAVE_CONFIG_H  -I. -I../../lib -I.. -I. -I.. -I../../lib/../h   -O2 -Wall -funsigned-char -O2 -g -Wall -D_POSIX_SOURCE -DDOT_IS_LAST -MT getopt.o -MD -MP -MF ".deps/getopt.Tpo" \
  -c -o getopt.o `test -f '../../lib/getopt.c' || echo '../../lib/'`../../lib/getopt.c; \
then mv -f ".deps/getopt.Tpo" ".deps/getopt.Po"; \
else rm -f ".deps/getopt.Tpo"; exit 1; \
fi
if arm_v5t_le-gcc  -DHAVE_CONFIG_H  -I. -I../../lib -I.. -I. -I.. -I../../lib/../h   -O2 -Wall -funsigned-char -O2 -g -Wall -D_POSIX_SOURCE -DDOT_IS_LAST -MT getopt1.o -MD -MP -MF ".deps/getopt1.Tpo" \
  -c -o getopt1.o `test -f '../../lib/getopt1.c' || echo '../../lib/'`../../lib/getopt1.c; \
then mv -f ".deps/getopt1.Tpo" ".deps/getopt1.Po"; \
else rm -f ".deps/getopt1.Tpo"; exit 1; \
fi
if arm_v5t_le-gcc  -DHAVE_CONFIG_H  -I. -I../../lib -I.. -I. -I.. -I../../lib/../h   -O2 -Wall -funsigned-char -O2 -g -Wall -D_POSIX_SOURCE -DDOT_IS_LAST -MT vfprintf.o -MD -MP -MF ".deps/vfprintf.Tpo" \
  -c -o vfprintf.o `test -f '../../lib/vfprintf.c' || echo '../../lib/'`../../lib/vfprintf.c; \
then mv -f ".deps/vfprintf.Tpo" ".deps/vfprintf.Po"; \
else rm -f ".deps/vfprintf.Tpo"; exit 1; \
fi
if arm_v5t_le-gcc  -DHAVE_CONFIG_H  -I. -I../../lib -I.. -I. -I.. -I../../lib/../h   -O2 -Wall -funsigned-char -O2 -g -Wall -D_POSIX_SOURCE -DDOT_IS_LAST -MT number.o -MD -MP -MF ".deps/number.Tpo" \
  -c -o number.o `test -f '../../lib/number.c' || echo '../../lib/'`../../lib/number.c; \
then mv -f ".deps/number.Tpo" ".deps/number.Po"; \
else rm -f ".deps/number.Tpo"; exit 1; \
fi
rm -f libbc.a
ar cru libbc.a getopt.o getopt1.o vfprintf.o number.o 
arm_v5t_le-ranlib libbc.a
make[2]: Leaving directory `/var/tmp/BUILD/bc-1.06/objdir/lib'
Making all in bc
make[2]: Entering directory `/var/tmp/BUILD/bc-1.06/objdir/bc'
if arm_v5t_le-gcc  -DHAVE_CONFIG_H -I. -I../../bc -I.. -I../../bc -I../../bc/../h   -O2 -Wall -funsigned-char -O2 -g -Wall -D_POSIX_SOURCE -DDOT_IS_LAST -MT main.o -MD -MP -MF ".deps/main.Tpo" \
  -c -o main.o `test -f '../../bc/main.c' || echo '../../bc/'`../../bc/main.c; \
then mv -f ".deps/main.Tpo" ".deps/main.Po"; \
else rm -f ".deps/main.Tpo"; exit 1; \
fi
if arm_v5t_le-gcc  -DHAVE_CONFIG_H -I. -I../../bc -I.. -I../../bc -I../../bc/../h   -O2 -Wall -funsigned-char -O2 -g -Wall -D_POSIX_SOURCE -DDOT_IS_LAST -MT bc.o -MD -MP -MF ".deps/bc.Tpo" \
  -c -o bc.o `test -f '../../bc/bc.c' || echo '../../bc/'`../../bc/bc.c; \
then mv -f ".deps/bc.Tpo" ".deps/bc.Po"; \
else rm -f ".deps/bc.Tpo"; exit 1; \
fi
if arm_v5t_le-gcc  -DHAVE_CONFIG_H -I. -I../../bc -I.. -I../../bc -I../../bc/../h   -O2 -Wall -funsigned-char -O2 -g -Wall -D_POSIX_SOURCE -DDOT_IS_LAST -MT scan.o -MD -MP -MF ".deps/scan.Tpo" \
  -c -o scan.o `test -f '../../bc/scan.c' || echo '../../bc/'`../../bc/scan.c; \
then mv -f ".deps/scan.Tpo" ".deps/scan.Po"; \
else rm -f ".deps/scan.Tpo"; exit 1; \
fi
if arm_v5t_le-gcc  -DHAVE_CONFIG_H -I. -I../../bc -I.. -I../../bc -I../../bc/../h   -O2 -Wall -funsigned-char -O2 -g -Wall -D_POSIX_SOURCE -DDOT_IS_LAST -MT execute.o -MD -MP -MF ".deps/execute.Tpo" \
  -c -o execute.o `test -f '../../bc/execute.c' || echo '../../bc/'`../../bc/execute.c; \
then mv -f ".deps/execute.Tpo" ".deps/execute.Po"; \
else rm -f ".deps/execute.Tpo"; exit 1; \
fi
if arm_v5t_le-gcc  -DHAVE_CONFIG_H -I. -I../../bc -I.. -I../../bc -I../../bc/../h   -O2 -Wall -funsigned-char -O2 -g -Wall -D_POSIX_SOURCE -DDOT_IS_LAST -MT load.o -MD -MP -MF ".deps/load.Tpo" \
  -c -o load.o `test -f '../../bc/load.c' || echo '../../bc/'`../../bc/load.c; \
then mv -f ".deps/load.Tpo" ".deps/load.Po"; \
else rm -f ".deps/load.Tpo"; exit 1; \
fi
if arm_v5t_le-gcc  -DHAVE_CONFIG_H -I. -I../../bc -I.. -I../../bc -I../../bc/../h   -O2 -Wall -funsigned-char -O2 -g -Wall -D_POSIX_SOURCE -DDOT_IS_LAST -MT storage.o -MD -MP -MF ".deps/storage.Tpo" \
  -c -o storage.o `test -f '../../bc/storage.c' || echo '../../bc/'`../../bc/storage.c; \
then mv -f ".deps/storage.Tpo" ".deps/storage.Po"; \
else rm -f ".deps/storage.Tpo"; exit 1; \
fi
if arm_v5t_le-gcc  -DHAVE_CONFIG_H -I. -I../../bc -I.. -I../../bc -I../../bc/../h   -O2 -Wall -funsigned-char -O2 -g -Wall -D_POSIX_SOURCE -DDOT_IS_LAST -MT util.o -MD -MP -MF ".deps/util.Tpo" \
  -c -o util.o `test -f '../../bc/util.c' || echo '../../bc/'`../../bc/util.c; \
then mv -f ".deps/util.Tpo" ".deps/util.Po"; \
else rm -f ".deps/util.Tpo"; exit 1; \
fi
if arm_v5t_le-gcc  -DHAVE_CONFIG_H -I. -I../../bc -I.. -I../../bc -I../../bc/../h   -O2 -Wall -funsigned-char -O2 -g -Wall -D_POSIX_SOURCE -DDOT_IS_LAST -MT global.o -MD -MP -MF ".deps/global.Tpo" \
  -c -o global.o `test -f '../../bc/global.c' || echo '../../bc/'`../../bc/global.c; \
then mv -f ".deps/global.Tpo" ".deps/global.Po"; \
else rm -f ".deps/global.Tpo"; exit 1; \
fi
arm_v5t_le-gcc  -O2 -Wall -funsigned-char -O2 -g -Wall -D_POSIX_SOURCE -DDOT_IS_LAST   -o bc  main.o bc.o scan.o execute.o load.o storage.o util.o global.o ../lib/libbc.a -lfl -lreadline -lncurses 
make[2]: Leaving directory `/var/tmp/BUILD/bc-1.06/objdir/bc'
Making all in dc
make[2]: Entering directory `/var/tmp/BUILD/bc-1.06/objdir/dc'
if arm_v5t_le-gcc  -DHAVE_CONFIG_H -I. -I../../dc -I.. -I../../dc/.. -I../../dc/../h   -O2 -Wall -funsigned-char -O2 -g -Wall -D_POSIX_SOURCE -DDOT_IS_LAST -MT dc.o -MD -MP -MF ".deps/dc.Tpo" \
  -c -o dc.o `test -f '../../dc/dc.c' || echo '../../dc/'`../../dc/dc.c; \
then mv -f ".deps/dc.Tpo" ".deps/dc.Po"; \
else rm -f ".deps/dc.Tpo"; exit 1; \
fi
if arm_v5t_le-gcc  -DHAVE_CONFIG_H -I. -I../../dc -I.. -I../../dc/.. -I../../dc/../h   -O2 -Wall -funsigned-char -O2 -g -Wall -D_POSIX_SOURCE -DDOT_IS_LAST -MT misc.o -MD -MP -MF ".deps/misc.Tpo" \
  -c -o misc.o `test -f '../../dc/misc.c' || echo '../../dc/'`../../dc/misc.c; \
then mv -f ".deps/misc.Tpo" ".deps/misc.Po"; \
else rm -f ".deps/misc.Tpo"; exit 1; \
fi
if arm_v5t_le-gcc  -DHAVE_CONFIG_H -I. -I../../dc -I.. -I../../dc/.. -I../../dc/../h   -O2 -Wall -funsigned-char -O2 -g -Wall -D_POSIX_SOURCE -DDOT_IS_LAST -MT eval.o -MD -MP -MF ".deps/eval.Tpo" \
  -c -o eval.o `test -f '../../dc/eval.c' || echo '../../dc/'`../../dc/eval.c; \
then mv -f ".deps/eval.Tpo" ".deps/eval.Po"; \
else rm -f ".deps/eval.Tpo"; exit 1; \
fi
if arm_v5t_le-gcc  -DHAVE_CONFIG_H -I. -I../../dc -I.. -I../../dc/.. -I../../dc/../h   -O2 -Wall -funsigned-char -O2 -g -Wall -D_POSIX_SOURCE -DDOT_IS_LAST -MT stack.o -MD -MP -MF ".deps/stack.Tpo" \
  -c -o stack.o `test -f '../../dc/stack.c' || echo '../../dc/'`../../dc/stack.c; \
then mv -f ".deps/stack.Tpo" ".deps/stack.Po"; \
else rm -f ".deps/stack.Tpo"; exit 1; \
fi
if arm_v5t_le-gcc  -DHAVE_CONFIG_H -I. -I../../dc -I.. -I../../dc/.. -I../../dc/../h   -O2 -Wall -funsigned-char -O2 -g -Wall -D_POSIX_SOURCE -DDOT_IS_LAST -MT array.o -MD -MP -MF ".deps/array.Tpo" \
  -c -o array.o `test -f '../../dc/array.c' || echo '../../dc/'`../../dc/array.c; \
then mv -f ".deps/array.Tpo" ".deps/array.Po"; \
else rm -f ".deps/array.Tpo"; exit 1; \
fi
if arm_v5t_le-gcc  -DHAVE_CONFIG_H -I. -I../../dc -I.. -I../../dc/.. -I../../dc/../h   -O2 -Wall -funsigned-char -O2 -g -Wall -D_POSIX_SOURCE -DDOT_IS_LAST -MT numeric.o -MD -MP -MF ".deps/numeric.Tpo" \
  -c -o numeric.o `test -f '../../dc/numeric.c' || echo '../../dc/'`../../dc/numeric.c; \
then mv -f ".deps/numeric.Tpo" ".deps/numeric.Po"; \
else rm -f ".deps/numeric.Tpo"; exit 1; \
fi
if arm_v5t_le-gcc  -DHAVE_CONFIG_H -I. -I../../dc -I.. -I../../dc/.. -I../../dc/../h   -O2 -Wall -funsigned-char -O2 -g -Wall -D_POSIX_SOURCE -DDOT_IS_LAST -MT string.o -MD -MP -MF ".deps/string.Tpo" \
  -c -o string.o `test -f '../../dc/string.c' || echo '../../dc/'`../../dc/string.c; \
then mv -f ".deps/string.Tpo" ".deps/string.Po"; \
else rm -f ".deps/string.Tpo"; exit 1; \
fi
arm_v5t_le-gcc  -O2 -Wall -funsigned-char -O2 -g -Wall -D_POSIX_SOURCE -DDOT_IS_LAST   -o dc  dc.o misc.o eval.o stack.o array.o numeric.o string.o ../lib/libbc.a 
make[2]: Leaving directory `/var/tmp/BUILD/bc-1.06/objdir/dc'
Making all in doc
make[2]: Entering directory `/var/tmp/BUILD/bc-1.06/objdir/doc'
make[2]: Nothing to be done for `all'.
make[2]: Leaving directory `/var/tmp/BUILD/bc-1.06/objdir/doc'
make[2]: Entering directory `/var/tmp/BUILD/bc-1.06/objdir'
make[2]: Nothing to be done for `all-am'.
make[2]: Leaving directory `/var/tmp/BUILD/bc-1.06/objdir'
make[1]: Leaving directory `/var/tmp/BUILD/bc-1.06/objdir'
